#
# There is insufficient memory for the Java Runtime Environment to continue.
# Native memory allocation (malloc) failed to allocate 1812976 bytes for Chunk::new
# Possible reasons:
#   The system is out of physical RAM or swap space
#   The process is running with CompressedOops enabled, and the Java Heap may be blocking the growth of the native heap
# Possible solutions:
#   Reduce memory load on the system
#   Increase physical memory or swap space
#   Check if swap backing store is full
#   Decrease Java heap size (-Xmx/-Xms)
#   Decrease number of Java threads
#   Decrease Java thread stack sizes (-Xss)
#   Set larger code cache with -XX:ReservedCodeCacheSize=
#   JVM is running with Zero Based Compressed Oops mode in which the Java heap is
#     placed in the first 32GB address space. The Java Heap base address is the
#     maximum limit for the native heap growth. Please use -XX:HeapBaseMinAddress
#     to set the Java Heap base and to place the Java Heap above 32GB virtual address.
# This output file may be truncated or incomplete.
#
#  Out of Memory Error (./src/hotspot/share/memory/arena.cpp:197), pid=1760, tid=1180
#
# JRE version: OpenJDK Runtime Environment (11.0.12+7) (build 11.0.12+7-b1504.28-7817840)
# Java VM: OpenJDK 64-Bit Server VM (11.0.12+7-b1504.28-7817840, mixed mode, tiered, compressed oops, g1 gc, windows-amd64)
# No core dump will be written. Minidumps are not enabled by default on client versions of Windows
#

---------------  S U M M A R Y ------------

Command Line: org.jetbrains.kotlin.cli.jvm.K2JVMCompiler @C:\Users\admin\AndroidStudioProjects\Myfamily\app\build\20230317_7349896061415118161.compiler.options

Host: Intel(R) Core(TM) i7-6600U CPU @ 2.60GHz, 4 cores, 15G,  Windows 10 , 64 bit Build 19041 (10.0.19041.2546)
Time: Fri Mar 17 16:24:00 2023 India Standard Time elapsed time: 5.307885 seconds (0d 0h 0m 5s)

---------------  T H R E A D  ---------------

Current thread (0x000001aeb063e000):  JavaThread "C2 CompilerThread0" daemon [_thread_in_native, id=1180, stack(0x0000005457d00000,0x0000005457e00000)]


Current CompileTask:
C2:   5308 3014   !   4       jdk.internal.loader.BuiltinClassLoader::findClassOnClassPathOrNull (64 bytes)

Stack: [0x0000005457d00000,0x0000005457e00000]
Native frames: (J=compiled Java code, j=interpreted, Vv=VM code, C=native code)
V  [jvm.dll+0x5fbcea]
V  [jvm.dll+0x731905]
V  [jvm.dll+0x732f1d]
V  [jvm.dll+0x7335d3]
V  [jvm.dll+0x247bf8]
V  [jvm.dll+0xc018c]
V  [jvm.dll+0xc06cc]
V  [jvm.dll+0x35b31d]
V  [jvm.dll+0x19d0bc]
V  [jvm.dll+0x20070e]
V  [jvm.dll+0x1ff794]
V  [jvm.dll+0x18868c]
V  [jvm.dll+0x20e0d7]
V  [jvm.dll+0x20c901]
V  [jvm.dll+0x6f9b7f]
V  [jvm.dll+0x6f26a5]
V  [jvm.dll+0x5fabf6]
C  [ucrtbase.dll+0x21bb2]
C  [KERNEL32.DLL+0x17614]
C  [ntdll.dll+0x526a1]


---------------  P R O C E S S  ---------------

Threads class SMR info:
_java_thread_list=0x000001aeb2344ae0, length=11, elements={
0x000001ae91a8f800, 0x000001aeb05cc000, 0x000001aeb05d4800, 0x000001aeb05ec000,
0x000001aeb05f0000, 0x000001aeb05f1800, 0x000001aeb063e000, 0x000001aeb0640000,
0x000001aeb0642000, 0x000001aeb079f000, 0x000001aeb122e000
}

Java Threads: ( => current thread )
  0x000001ae91a8f800 JavaThread "main" [_thread_in_Java, id=5764, stack(0x0000005457100000,0x0000005457200000)]
  0x000001aeb05cc000 JavaThread "Reference Handler" daemon [_thread_blocked, id=7592, stack(0x0000005457800000,0x0000005457900000)]
  0x000001aeb05d4800 JavaThread "Finalizer" daemon [_thread_blocked, id=4764, stack(0x0000005457900000,0x0000005457a00000)]
  0x000001aeb05ec000 JavaThread "Signal Dispatcher" daemon [_thread_blocked, id=10540, stack(0x0000005457a00000,0x0000005457b00000)]
  0x000001aeb05f0000 JavaThread "Attach Listener" daemon [_thread_blocked, id=12076, stack(0x0000005457b00000,0x0000005457c00000)]
  0x000001aeb05f1800 JavaThread "Service Thread" daemon [_thread_blocked, id=1352, stack(0x0000005457c00000,0x0000005457d00000)]
=>0x000001aeb063e000 JavaThread "C2 CompilerThread0" daemon [_thread_in_native, id=1180, stack(0x0000005457d00000,0x0000005457e00000)]
  0x000001aeb0640000 JavaThread "C1 CompilerThread0" daemon [_thread_in_native, id=3556, stack(0x0000005457e00000,0x0000005457f00000)]
  0x000001aeb0642000 JavaThread "Sweeper thread" daemon [_thread_blocked, id=7052, stack(0x0000005457f00000,0x0000005458000000)]
  0x000001aeb079f000 JavaThread "Common-Cleaner" daemon [_thread_blocked, id=12016, stack(0x0000005458100000,0x0000005458200000)]
  0x000001aeb122e000 JavaThread "C2 CompilerThread1" daemon [_thread_in_native, id=7316, stack(0x0000005458200000,0x0000005458300000)]

Other Threads:
  0x000001aeb05a6800 VMThread "VM Thread" [stack: 0x0000005457700000,0x0000005457800000] [id=3152]
  0x000001aeb079a800 WatcherThread [stack: 0x0000005458000000,0x0000005458100000] [id=10952]
  0x000001ae91aa4000 GCTaskThread "GC Thread#0" [stack: 0x0000005457200000,0x0000005457300000] [id=3400]
  0x000001aeb0bb2800 GCTaskThread "GC Thread#1" [stack: 0x0000005458300000,0x0000005458400000] [id=10384]
  0x000001aeb0d14000 GCTaskThread "GC Thread#2" [stack: 0x0000005458400000,0x0000005458500000] [id=10716]
  0x000001aeb0d14800 GCTaskThread "GC Thread#3" [stack: 0x0000005458500000,0x0000005458600000] [id=1048]
  0x000001ae91afc000 ConcurrentGCThread "G1 Main Marker" [stack: 0x0000005457300000,0x0000005457400000] [id=4228]
  0x000001ae91afd800 ConcurrentGCThread "G1 Conc#0" [stack: 0x0000005457400000,0x0000005457500000] [id=10152]
  0x000001aeafbfb800 ConcurrentGCThread "G1 Refine#0" [stack: 0x0000005457500000,0x0000005457600000] [id=748]
  0x000001aeafbfd800 ConcurrentGCThread "G1 Young RemSet Sampling" [stack: 0x0000005457600000,0x0000005457700000] [id=2404]

Threads with active compile tasks:
C2 CompilerThread0   5343 3014   !   4       jdk.internal.loader.BuiltinClassLoader::findClassOnClassPathOrNull (64 bytes)
C1 CompilerThread0   5343 3319       2       org.jetbrains.kotlin.load.java.structure.impl.classFiles.BinaryJavaAnnotation$Companion::addAnnotation (74 bytes)
C2 CompilerThread1   5343 2882       4       java.lang.ClassLoader::loadClass (7 bytes)

VM state:not at safepoint (normal execution)

VM Mutex/Monitor currently owned by a thread: None

Heap address: 0x0000000709400000, size: 3948 MB, Compressed Oops mode: Zero based, Oop shift amount: 3
Narrow klass base: 0x0000000800000000, Narrow klass shift: 0
Compressed class space size: 1073741824 Address: 0x0000000800000000

Heap:
 garbage-first heap   total 253952K, used 81746K [0x0000000709400000, 0x0000000800000000)
  region size 1024K, 61 young (62464K), 3 survivors (3072K)
 Metaspace       used 47196K, capacity 47734K, committed 48028K, reserved 1091584K
  class space    used 5626K, capacity 5815K, committed 5884K, reserved 1048576K
Heap Regions: E=young(eden), S=young(survivor), O=old, HS=humongous(starts), HC=humongous(continues), CS=collection set, F=free, A=archive, TAMS=top-at-mark-start (previous, next)
|   0|0x0000000709400000, 0x0000000709500000, 0x0000000709500000|100%|HS|  |TAMS 0x0000000709500000, 0x0000000709400000| Complete 
|   1|0x0000000709500000, 0x0000000709600000, 0x0000000709600000|100%|HC|  |TAMS 0x0000000709600000, 0x0000000709500000| Complete 
|   2|0x0000000709600000, 0x0000000709700000, 0x0000000709700000|100%|HC|  |TAMS 0x0000000709700000, 0x0000000709600000| Complete 
|   3|0x0000000709700000, 0x0000000709800000, 0x0000000709800000|100%| O|  |TAMS 0x0000000709800000, 0x0000000709700000| Untracked 
|   4|0x0000000709800000, 0x0000000709900000, 0x0000000709900000|100%| O|  |TAMS 0x0000000709900000, 0x0000000709800000| Untracked 
|   5|0x0000000709900000, 0x0000000709a00000, 0x0000000709a00000|100%|HS|  |TAMS 0x0000000709a00000, 0x0000000709900000| Complete 
|   6|0x0000000709a00000, 0x0000000709b00000, 0x0000000709b00000|100%|HC|  |TAMS 0x0000000709b00000, 0x0000000709a00000| Complete 
|   7|0x0000000709b00000, 0x0000000709c00000, 0x0000000709c00000|100%|HC|  |TAMS 0x0000000709c00000, 0x0000000709b00000| Complete 
|   8|0x0000000709c00000, 0x0000000709d00000, 0x0000000709d00000|100%|HS|  |TAMS 0x0000000709c00000, 0x0000000709c00000| Complete 
|   9|0x0000000709d00000, 0x0000000709e00000, 0x0000000709e00000|100%|HC|  |TAMS 0x0000000709d00000, 0x0000000709d00000| Complete 
|  10|0x0000000709e00000, 0x0000000709f00000, 0x0000000709f00000|100%| O|  |TAMS 0x0000000709f00000, 0x0000000709e00000| Untracked 
|  11|0x0000000709f00000, 0x000000070a000000, 0x000000070a000000|100%| O|  |TAMS 0x000000070a000000, 0x0000000709f00000| Untracked 
|  12|0x000000070a000000, 0x000000070a100000, 0x000000070a100000|100%| O|  |TAMS 0x000000070a100000, 0x000000070a000000| Untracked 
|  13|0x000000070a100000, 0x000000070a200000, 0x000000070a200000|100%| O|  |TAMS 0x000000070a200000, 0x000000070a100000| Untracked 
|  14|0x000000070a200000, 0x000000070a300000, 0x000000070a300000|100%| O|  |TAMS 0x000000070a300000, 0x000000070a200000| Untracked 
|  15|0x000000070a300000, 0x000000070a400000, 0x000000070a400000|100%| O|  |TAMS 0x000000070a400000, 0x000000070a300000| Untracked 
|  16|0x000000070a400000, 0x000000070a500000, 0x000000070a500000|100%| O|  |TAMS 0x000000070a500000, 0x000000070a400000| Untracked 
|  17|0x000000070a500000, 0x000000070a600000, 0x000000070a600000|100%| O|  |TAMS 0x000000070a600000, 0x000000070a500000| Untracked 
|  18|0x000000070a600000, 0x000000070a700000, 0x000000070a700000|100%| O|  |TAMS 0x000000070a700000, 0x000000070a600000| Untracked 
|  19|0x000000070a700000, 0x000000070a800000, 0x000000070a800000|100%| O|  |TAMS 0x000000070a800000, 0x000000070a700000| Untracked 
|  20|0x000000070a800000, 0x000000070a88f600, 0x000000070a900000| 56%| O|  |TAMS 0x000000070a88f600, 0x000000070a800000| Untracked 
|  21|0x000000070a900000, 0x000000070a900000, 0x000000070aa00000|  0%| F|  |TAMS 0x000000070a900000, 0x000000070a900000| Untracked 
|  22|0x000000070aa00000, 0x000000070aa00000, 0x000000070ab00000|  0%| F|  |TAMS 0x000000070aa00000, 0x000000070aa00000| Untracked 
|  23|0x000000070ab00000, 0x000000070ab00000, 0x000000070ac00000|  0%| F|  |TAMS 0x000000070ab00000, 0x000000070ab00000| Untracked 
|  24|0x000000070ac00000, 0x000000070ac00000, 0x000000070ad00000|  0%| F|  |TAMS 0x000000070ac00000, 0x000000070ac00000| Untracked 
|  25|0x000000070ad00000, 0x000000070ad00000, 0x000000070ae00000|  0%| F|  |TAMS 0x000000070ad00000, 0x000000070ad00000| Untracked 
|  26|0x000000070ae00000, 0x000000070ae00000, 0x000000070af00000|  0%| F|  |TAMS 0x000000070ae00000, 0x000000070ae00000| Untracked 
|  27|0x000000070af00000, 0x000000070af00000, 0x000000070b000000|  0%| F|  |TAMS 0x000000070af00000, 0x000000070af00000| Untracked 
|  28|0x000000070b000000, 0x000000070b000000, 0x000000070b100000|  0%| F|  |TAMS 0x000000070b000000, 0x000000070b000000| Untracked 
|  29|0x000000070b100000, 0x000000070b100000, 0x000000070b200000|  0%| F|  |TAMS 0x000000070b100000, 0x000000070b100000| Untracked 
|  30|0x000000070b200000, 0x000000070b200000, 0x000000070b300000|  0%| F|  |TAMS 0x000000070b200000, 0x000000070b200000| Untracked 
|  31|0x000000070b300000, 0x000000070b300000, 0x000000070b400000|  0%| F|  |TAMS 0x000000070b300000, 0x000000070b300000| Untracked 
|  32|0x000000070b400000, 0x000000070b400000, 0x000000070b500000|  0%| F|  |TAMS 0x000000070b400000, 0x000000070b400000| Untracked 
|  33|0x000000070b500000, 0x000000070b500000, 0x000000070b600000|  0%| F|  |TAMS 0x000000070b500000, 0x000000070b500000| Untracked 
|  34|0x000000070b600000, 0x000000070b600000, 0x000000070b700000|  0%| F|  |TAMS 0x000000070b600000, 0x000000070b600000| Untracked 
|  35|0x000000070b700000, 0x000000070b700000, 0x000000070b800000|  0%| F|  |TAMS 0x000000070b700000, 0x000000070b700000| Untracked 
|  36|0x000000070b800000, 0x000000070b800000, 0x000000070b900000|  0%| F|  |TAMS 0x000000070b800000, 0x000000070b800000| Untracked 
|  37|0x000000070b900000, 0x000000070b900000, 0x000000070ba00000|  0%| F|  |TAMS 0x000000070b900000, 0x000000070b900000| Untracked 
|  38|0x000000070ba00000, 0x000000070ba00000, 0x000000070bb00000|  0%| F|  |TAMS 0x000000070ba00000, 0x000000070ba00000| Untracked 
|  39|0x000000070bb00000, 0x000000070bb00000, 0x000000070bc00000|  0%| F|  |TAMS 0x000000070bb00000, 0x000000070bb00000| Untracked 
|  40|0x000000070bc00000, 0x000000070bc00000, 0x000000070bd00000|  0%| F|  |TAMS 0x000000070bc00000, 0x000000070bc00000| Untracked 
|  41|0x000000070bd00000, 0x000000070bd00000, 0x000000070be00000|  0%| F|  |TAMS 0x000000070bd00000, 0x000000070bd00000| Untracked 
|  42|0x000000070be00000, 0x000000070be00000, 0x000000070bf00000|  0%| F|  |TAMS 0x000000070be00000, 0x000000070be00000| Untracked 
|  43|0x000000070bf00000, 0x000000070bf00000, 0x000000070c000000|  0%| F|  |TAMS 0x000000070bf00000, 0x000000070bf00000| Untracked 
|  44|0x000000070c000000, 0x000000070c000000, 0x000000070c100000|  0%| F|  |TAMS 0x000000070c000000, 0x000000070c000000| Untracked 
|  45|0x000000070c100000, 0x000000070c100000, 0x000000070c200000|  0%| F|  |TAMS 0x000000070c100000, 0x000000070c100000| Untracked 
|  46|0x000000070c200000, 0x000000070c200000, 0x000000070c300000|  0%| F|  |TAMS 0x000000070c200000, 0x000000070c200000| Untracked 
|  47|0x000000070c300000, 0x000000070c300000, 0x000000070c400000|  0%| F|  |TAMS 0x000000070c300000, 0x000000070c300000| Untracked 
|  48|0x000000070c400000, 0x000000070c400000, 0x000000070c500000|  0%| F|  |TAMS 0x000000070c400000, 0x000000070c400000| Untracked 
|  49|0x000000070c500000, 0x000000070c500000, 0x000000070c600000|  0%| F|  |TAMS 0x000000070c500000, 0x000000070c500000| Untracked 
|  50|0x000000070c600000, 0x000000070c600000, 0x000000070c700000|  0%| F|  |TAMS 0x000000070c600000, 0x000000070c600000| Untracked 
|  51|0x000000070c700000, 0x000000070c700000, 0x000000070c800000|  0%| F|  |TAMS 0x000000070c700000, 0x000000070c700000| Untracked 
|  52|0x000000070c800000, 0x000000070c800000, 0x000000070c900000|  0%| F|  |TAMS 0x000000070c800000, 0x000000070c800000| Untracked 
|  53|0x000000070c900000, 0x000000070c900000, 0x000000070ca00000|  0%| F|  |TAMS 0x000000070c900000, 0x000000070c900000| Untracked 
|  54|0x000000070ca00000, 0x000000070ca00000, 0x000000070cb00000|  0%| F|  |TAMS 0x000000070ca00000, 0x000000070ca00000| Untracked 
|  55|0x000000070cb00000, 0x000000070cb00000, 0x000000070cc00000|  0%| F|  |TAMS 0x000000070cb00000, 0x000000070cb00000| Untracked 
|  56|0x000000070cc00000, 0x000000070cc00000, 0x000000070cd00000|  0%| F|  |TAMS 0x000000070cc00000, 0x000000070cc00000| Untracked 
|  57|0x000000070cd00000, 0x000000070cd00000, 0x000000070ce00000|  0%| F|  |TAMS 0x000000070cd00000, 0x000000070cd00000| Untracked 
|  58|0x000000070ce00000, 0x000000070ce00000, 0x000000070cf00000|  0%| F|  |TAMS 0x000000070ce00000, 0x000000070ce00000| Untracked 
|  59|0x000000070cf00000, 0x000000070cf00000, 0x000000070d000000|  0%| F|  |TAMS 0x000000070cf00000, 0x000000070cf00000| Untracked 
|  60|0x000000070d000000, 0x000000070d000000, 0x000000070d100000|  0%| F|  |TAMS 0x000000070d000000, 0x000000070d000000| Untracked 
|  61|0x000000070d100000, 0x000000070d100000, 0x000000070d200000|  0%| F|  |TAMS 0x000000070d100000, 0x000000070d100000| Untracked 
|  62|0x000000070d200000, 0x000000070d200000, 0x000000070d300000|  0%| F|  |TAMS 0x000000070d200000, 0x000000070d200000| Untracked 
|  63|0x000000070d300000, 0x000000070d300000, 0x000000070d400000|  0%| F|  |TAMS 0x000000070d300000, 0x000000070d300000| Untracked 
|  64|0x000000070d400000, 0x000000070d400000, 0x000000070d500000|  0%| F|  |TAMS 0x000000070d400000, 0x000000070d400000| Untracked 
|  65|0x000000070d500000, 0x000000070d500000, 0x000000070d600000|  0%| F|  |TAMS 0x000000070d500000, 0x000000070d500000| Untracked 
|  66|0x000000070d600000, 0x000000070d600000, 0x000000070d700000|  0%| F|  |TAMS 0x000000070d600000, 0x000000070d600000| Untracked 
|  67|0x000000070d700000, 0x000000070d700000, 0x000000070d800000|  0%| F|  |TAMS 0x000000070d700000, 0x000000070d700000| Untracked 
|  68|0x000000070d800000, 0x000000070d800000, 0x000000070d900000|  0%| F|  |TAMS 0x000000070d800000, 0x000000070d800000| Untracked 
|  69|0x000000070d900000, 0x000000070d900000, 0x000000070da00000|  0%| F|  |TAMS 0x000000070d900000, 0x000000070d900000| Untracked 
|  70|0x000000070da00000, 0x000000070da00000, 0x000000070db00000|  0%| F|  |TAMS 0x000000070da00000, 0x000000070da00000| Untracked 
|  71|0x000000070db00000, 0x000000070db00000, 0x000000070dc00000|  0%| F|  |TAMS 0x000000070db00000, 0x000000070db00000| Untracked 
|  72|0x000000070dc00000, 0x000000070dc00000, 0x000000070dd00000|  0%| F|  |TAMS 0x000000070dc00000, 0x000000070dc00000| Untracked 
|  73|0x000000070dd00000, 0x000000070dd00000, 0x000000070de00000|  0%| F|  |TAMS 0x000000070dd00000, 0x000000070dd00000| Untracked 
|  74|0x000000070de00000, 0x000000070de00000, 0x000000070df00000|  0%| F|  |TAMS 0x000000070de00000, 0x000000070de00000| Untracked 
|  75|0x000000070df00000, 0x000000070df00000, 0x000000070e000000|  0%| F|  |TAMS 0x000000070df00000, 0x000000070df00000| Untracked 
|  76|0x000000070e000000, 0x000000070e000000, 0x000000070e100000|  0%| F|  |TAMS 0x000000070e000000, 0x000000070e000000| Untracked 
|  77|0x000000070e100000, 0x000000070e100000, 0x000000070e200000|  0%| F|  |TAMS 0x000000070e100000, 0x000000070e100000| Untracked 
|  78|0x000000070e200000, 0x000000070e200000, 0x000000070e300000|  0%| F|  |TAMS 0x000000070e200000, 0x000000070e200000| Untracked 
|  79|0x000000070e300000, 0x000000070e300000, 0x000000070e400000|  0%| F|  |TAMS 0x000000070e300000, 0x000000070e300000| Untracked 
|  80|0x000000070e400000, 0x000000070e400000, 0x000000070e500000|  0%| F|  |TAMS 0x000000070e400000, 0x000000070e400000| Untracked 
|  81|0x000000070e500000, 0x000000070e500000, 0x000000070e600000|  0%| F|  |TAMS 0x000000070e500000, 0x000000070e500000| Untracked 
|  82|0x000000070e600000, 0x000000070e600000, 0x000000070e700000|  0%| F|  |TAMS 0x000000070e600000, 0x000000070e600000| Untracked 
|  83|0x000000070e700000, 0x000000070e700000, 0x000000070e800000|  0%| F|  |TAMS 0x000000070e700000, 0x000000070e700000| Untracked 
|  84|0x000000070e800000, 0x000000070e800000, 0x000000070e900000|  0%| F|  |TAMS 0x000000070e800000, 0x000000070e800000| Untracked 
|  85|0x000000070e900000, 0x000000070e900000, 0x000000070ea00000|  0%| F|  |TAMS 0x000000070e900000, 0x000000070e900000| Untracked 
|  86|0x000000070ea00000, 0x000000070ea00000, 0x000000070eb00000|  0%| F|  |TAMS 0x000000070ea00000, 0x000000070ea00000| Untracked 
|  87|0x000000070eb00000, 0x000000070eb00000, 0x000000070ec00000|  0%| F|  |TAMS 0x000000070eb00000, 0x000000070eb00000| Untracked 
|  88|0x000000070ec00000, 0x000000070ec00000, 0x000000070ed00000|  0%| F|  |TAMS 0x000000070ec00000, 0x000000070ec00000| Untracked 
|  89|0x000000070ed00000, 0x000000070ed00000, 0x000000070ee00000|  0%| F|  |TAMS 0x000000070ed00000, 0x000000070ed00000| Untracked 
|  90|0x000000070ee00000, 0x000000070ee00000, 0x000000070ef00000|  0%| F|  |TAMS 0x000000070ee00000, 0x000000070ee00000| Untracked 
|  91|0x000000070ef00000, 0x000000070ef00000, 0x000000070f000000|  0%| F|  |TAMS 0x000000070ef00000, 0x000000070ef00000| Untracked 
|  92|0x000000070f000000, 0x000000070f000000, 0x000000070f100000|  0%| F|  |TAMS 0x000000070f000000, 0x000000070f000000| Untracked 
|  93|0x000000070f100000, 0x000000070f100000, 0x000000070f200000|  0%| F|  |TAMS 0x000000070f100000, 0x000000070f100000| Untracked 
|  94|0x000000070f200000, 0x000000070f200000, 0x000000070f300000|  0%| F|  |TAMS 0x000000070f200000, 0x000000070f200000| Untracked 
|  95|0x000000070f300000, 0x000000070f300000, 0x000000070f400000|  0%| F|  |TAMS 0x000000070f300000, 0x000000070f300000| Untracked 
|  96|0x000000070f400000, 0x000000070f400000, 0x000000070f500000|  0%| F|  |TAMS 0x000000070f400000, 0x000000070f400000| Untracked 
|  97|0x000000070f500000, 0x000000070f500000, 0x000000070f600000|  0%| F|  |TAMS 0x000000070f500000, 0x000000070f500000| Untracked 
|  98|0x000000070f600000, 0x000000070f600000, 0x000000070f700000|  0%| F|  |TAMS 0x000000070f600000, 0x000000070f600000| Untracked 
|  99|0x000000070f700000, 0x000000070f700000, 0x000000070f800000|  0%| F|  |TAMS 0x000000070f700000, 0x000000070f700000| Untracked 
| 100|0x000000070f800000, 0x000000070f800000, 0x000000070f900000|  0%| F|  |TAMS 0x000000070f800000, 0x000000070f800000| Untracked 
| 101|0x000000070f900000, 0x000000070f900000, 0x000000070fa00000|  0%| F|  |TAMS 0x000000070f900000, 0x000000070f900000| Untracked 
| 102|0x000000070fa00000, 0x000000070fa00000, 0x000000070fb00000|  0%| F|  |TAMS 0x000000070fa00000, 0x000000070fa00000| Untracked 
| 103|0x000000070fb00000, 0x000000070fb00000, 0x000000070fc00000|  0%| F|  |TAMS 0x000000070fb00000, 0x000000070fb00000| Untracked 
| 104|0x000000070fc00000, 0x000000070fc00000, 0x000000070fd00000|  0%| F|  |TAMS 0x000000070fc00000, 0x000000070fc00000| Untracked 
| 105|0x000000070fd00000, 0x000000070fd00000, 0x000000070fe00000|  0%| F|  |TAMS 0x000000070fd00000, 0x000000070fd00000| Untracked 
| 106|0x000000070fe00000, 0x000000070fe00000, 0x000000070ff00000|  0%| F|  |TAMS 0x000000070fe00000, 0x000000070fe00000| Untracked 
| 107|0x000000070ff00000, 0x000000070ff00000, 0x0000000710000000|  0%| F|  |TAMS 0x000000070ff00000, 0x000000070ff00000| Untracked 
| 108|0x0000000710000000, 0x0000000710000000, 0x0000000710100000|  0%| F|  |TAMS 0x0000000710000000, 0x0000000710000000| Untracked 
| 109|0x0000000710100000, 0x0000000710100000, 0x0000000710200000|  0%| F|  |TAMS 0x0000000710100000, 0x0000000710100000| Untracked 
| 110|0x0000000710200000, 0x0000000710200000, 0x0000000710300000|  0%| F|  |TAMS 0x0000000710200000, 0x0000000710200000| Untracked 
| 111|0x0000000710300000, 0x0000000710300000, 0x0000000710400000|  0%| F|  |TAMS 0x0000000710300000, 0x0000000710300000| Untracked 
| 112|0x0000000710400000, 0x0000000710400000, 0x0000000710500000|  0%| F|  |TAMS 0x0000000710400000, 0x0000000710400000| Untracked 
| 113|0x0000000710500000, 0x0000000710500000, 0x0000000710600000|  0%| F|  |TAMS 0x0000000710500000, 0x0000000710500000| Untracked 
| 114|0x0000000710600000, 0x0000000710600000, 0x0000000710700000|  0%| F|  |TAMS 0x0000000710600000, 0x0000000710600000| Untracked 
| 115|0x0000000710700000, 0x0000000710700000, 0x0000000710800000|  0%| F|  |TAMS 0x0000000710700000, 0x0000000710700000| Untracked 
| 116|0x0000000710800000, 0x0000000710800000, 0x0000000710900000|  0%| F|  |TAMS 0x0000000710800000, 0x0000000710800000| Untracked 
| 117|0x0000000710900000, 0x0000000710900000, 0x0000000710a00000|  0%| F|  |TAMS 0x0000000710900000, 0x0000000710900000| Untracked 
| 118|0x0000000710a00000, 0x0000000710a00000, 0x0000000710b00000|  0%| F|  |TAMS 0x0000000710a00000, 0x0000000710a00000| Untracked 
| 119|0x0000000710b00000, 0x0000000710b00000, 0x0000000710c00000|  0%| F|  |TAMS 0x0000000710b00000, 0x0000000710b00000| Untracked 
| 120|0x0000000710c00000, 0x0000000710c00000, 0x0000000710d00000|  0%| F|  |TAMS 0x0000000710c00000, 0x0000000710c00000| Untracked 
| 121|0x0000000710d00000, 0x0000000710d00000, 0x0000000710e00000|  0%| F|  |TAMS 0x0000000710d00000, 0x0000000710d00000| Untracked 
| 122|0x0000000710e00000, 0x0000000710e00000, 0x0000000710f00000|  0%| F|  |TAMS 0x0000000710e00000, 0x0000000710e00000| Untracked 
| 123|0x0000000710f00000, 0x0000000710f00000, 0x0000000711000000|  0%| F|  |TAMS 0x0000000710f00000, 0x0000000710f00000| Untracked 
| 124|0x0000000711000000, 0x0000000711000000, 0x0000000711100000|  0%| F|  |TAMS 0x0000000711000000, 0x0000000711000000| Untracked 
| 125|0x0000000711100000, 0x0000000711100000, 0x0000000711200000|  0%| F|  |TAMS 0x0000000711100000, 0x0000000711100000| Untracked 
| 126|0x0000000711200000, 0x0000000711200000, 0x0000000711300000|  0%| F|  |TAMS 0x0000000711200000, 0x0000000711200000| Untracked 
| 127|0x0000000711300000, 0x0000000711300000, 0x0000000711400000|  0%| F|  |TAMS 0x0000000711300000, 0x0000000711300000| Untracked 
| 128|0x0000000711400000, 0x0000000711400000, 0x0000000711500000|  0%| F|  |TAMS 0x0000000711400000, 0x0000000711400000| Untracked 
| 129|0x0000000711500000, 0x0000000711500000, 0x0000000711600000|  0%| F|  |TAMS 0x0000000711500000, 0x0000000711500000| Untracked 
| 130|0x0000000711600000, 0x0000000711600000, 0x0000000711700000|  0%| F|  |TAMS 0x0000000711600000, 0x0000000711600000| Untracked 
| 131|0x0000000711700000, 0x0000000711700000, 0x0000000711800000|  0%| F|  |TAMS 0x0000000711700000, 0x0000000711700000| Untracked 
| 132|0x0000000711800000, 0x0000000711800000, 0x0000000711900000|  0%| F|  |TAMS 0x0000000711800000, 0x0000000711800000| Untracked 
| 133|0x0000000711900000, 0x0000000711900000, 0x0000000711a00000|  0%| F|  |TAMS 0x0000000711900000, 0x0000000711900000| Untracked 
| 134|0x0000000711a00000, 0x0000000711a00000, 0x0000000711b00000|  0%| F|  |TAMS 0x0000000711a00000, 0x0000000711a00000| Untracked 
| 135|0x0000000711b00000, 0x0000000711b00000, 0x0000000711c00000|  0%| F|  |TAMS 0x0000000711b00000, 0x0000000711b00000| Untracked 
| 136|0x0000000711c00000, 0x0000000711c00000, 0x0000000711d00000|  0%| F|  |TAMS 0x0000000711c00000, 0x0000000711c00000| Untracked 
| 137|0x0000000711d00000, 0x0000000711d00000, 0x0000000711e00000|  0%| F|  |TAMS 0x0000000711d00000, 0x0000000711d00000| Untracked 
| 138|0x0000000711e00000, 0x0000000711e00000, 0x0000000711f00000|  0%| F|  |TAMS 0x0000000711e00000, 0x0000000711e00000| Untracked 
| 139|0x0000000711f00000, 0x0000000711f00000, 0x0000000712000000|  0%| F|  |TAMS 0x0000000711f00000, 0x0000000711f00000| Untracked 
| 140|0x0000000712000000, 0x0000000712000000, 0x0000000712100000|  0%| F|  |TAMS 0x0000000712000000, 0x0000000712000000| Untracked 
| 141|0x0000000712100000, 0x0000000712100000, 0x0000000712200000|  0%| F|  |TAMS 0x0000000712100000, 0x0000000712100000| Untracked 
| 142|0x0000000712200000, 0x0000000712200000, 0x0000000712300000|  0%| F|  |TAMS 0x0000000712200000, 0x0000000712200000| Untracked 
| 143|0x0000000712300000, 0x0000000712300000, 0x0000000712400000|  0%| F|  |TAMS 0x0000000712300000, 0x0000000712300000| Untracked 
| 144|0x0000000712400000, 0x0000000712400000, 0x0000000712500000|  0%| F|  |TAMS 0x0000000712400000, 0x0000000712400000| Untracked 
| 145|0x0000000712500000, 0x0000000712500000, 0x0000000712600000|  0%| F|  |TAMS 0x0000000712500000, 0x0000000712500000| Untracked 
| 146|0x0000000712600000, 0x0000000712600000, 0x0000000712700000|  0%| F|  |TAMS 0x0000000712600000, 0x0000000712600000| Untracked 
| 147|0x0000000712700000, 0x0000000712700000, 0x0000000712800000|  0%| F|  |TAMS 0x0000000712700000, 0x0000000712700000| Untracked 
| 148|0x0000000712800000, 0x0000000712800000, 0x0000000712900000|  0%| F|  |TAMS 0x0000000712800000, 0x0000000712800000| Untracked 
| 149|0x0000000712900000, 0x0000000712900000, 0x0000000712a00000|  0%| F|  |TAMS 0x0000000712900000, 0x0000000712900000| Untracked 
| 150|0x0000000712a00000, 0x0000000712a00000, 0x0000000712b00000|  0%| F|  |TAMS 0x0000000712a00000, 0x0000000712a00000| Untracked 
| 151|0x0000000712b00000, 0x0000000712b00000, 0x0000000712c00000|  0%| F|  |TAMS 0x0000000712b00000, 0x0000000712b00000| Untracked 
| 152|0x0000000712c00000, 0x0000000712c00000, 0x0000000712d00000|  0%| F|  |TAMS 0x0000000712c00000, 0x0000000712c00000| Untracked 
| 153|0x0000000712d00000, 0x0000000712d00000, 0x0000000712e00000|  0%| F|  |TAMS 0x0000000712d00000, 0x0000000712d00000| Untracked 
| 154|0x0000000712e00000, 0x0000000712e00000, 0x0000000712f00000|  0%| F|  |TAMS 0x0000000712e00000, 0x0000000712e00000| Untracked 
| 155|0x0000000712f00000, 0x0000000712f00000, 0x0000000713000000|  0%| F|  |TAMS 0x0000000712f00000, 0x0000000712f00000| Untracked 
| 156|0x0000000713000000, 0x0000000713000000, 0x0000000713100000|  0%| F|  |TAMS 0x0000000713000000, 0x0000000713000000| Untracked 
| 157|0x0000000713100000, 0x0000000713100000, 0x0000000713200000|  0%| F|  |TAMS 0x0000000713100000, 0x0000000713100000| Untracked 
| 158|0x0000000713200000, 0x0000000713200000, 0x0000000713300000|  0%| F|  |TAMS 0x0000000713200000, 0x0000000713200000| Untracked 
| 159|0x0000000713300000, 0x0000000713300000, 0x0000000713400000|  0%| F|  |TAMS 0x0000000713300000, 0x0000000713300000| Untracked 
| 160|0x0000000713400000, 0x0000000713400000, 0x0000000713500000|  0%| F|  |TAMS 0x0000000713400000, 0x0000000713400000| Untracked 
| 161|0x0000000713500000, 0x0000000713500000, 0x0000000713600000|  0%| F|  |TAMS 0x0000000713500000, 0x0000000713500000| Untracked 
| 162|0x0000000713600000, 0x0000000713600000, 0x0000000713700000|  0%| F|  |TAMS 0x0000000713600000, 0x0000000713600000| Untracked 
| 163|0x0000000713700000, 0x0000000713700000, 0x0000000713800000|  0%| F|  |TAMS 0x0000000713700000, 0x0000000713700000| Untracked 
| 164|0x0000000713800000, 0x0000000713800000, 0x0000000713900000|  0%| F|  |TAMS 0x0000000713800000, 0x0000000713800000| Untracked 
| 165|0x0000000713900000, 0x0000000713900000, 0x0000000713a00000|  0%| F|  |TAMS 0x0000000713900000, 0x0000000713900000| Untracked 
| 166|0x0000000713a00000, 0x0000000713a00000, 0x0000000713b00000|  0%| F|  |TAMS 0x0000000713a00000, 0x0000000713a00000| Untracked 
| 167|0x0000000713b00000, 0x0000000713b00000, 0x0000000713c00000|  0%| F|  |TAMS 0x0000000713b00000, 0x0000000713b00000| Untracked 
| 168|0x0000000713c00000, 0x0000000713c00000, 0x0000000713d00000|  0%| F|  |TAMS 0x0000000713c00000, 0x0000000713c00000| Untracked 
| 169|0x0000000713d00000, 0x0000000713d00000, 0x0000000713e00000|  0%| F|  |TAMS 0x0000000713d00000, 0x0000000713d00000| Untracked 
| 170|0x0000000713e00000, 0x0000000713e00000, 0x0000000713f00000|  0%| F|  |TAMS 0x0000000713e00000, 0x0000000713e00000| Untracked 
| 171|0x0000000713f00000, 0x0000000713f00000, 0x0000000714000000|  0%| F|  |TAMS 0x0000000713f00000, 0x0000000713f00000| Untracked 
| 172|0x0000000714000000, 0x0000000714000000, 0x0000000714100000|  0%| F|  |TAMS 0x0000000714000000, 0x0000000714000000| Untracked 
| 173|0x0000000714100000, 0x0000000714100000, 0x0000000714200000|  0%| F|  |TAMS 0x0000000714100000, 0x0000000714100000| Untracked 
| 174|0x0000000714200000, 0x0000000714200000, 0x0000000714300000|  0%| F|  |TAMS 0x0000000714200000, 0x0000000714200000| Untracked 
| 175|0x0000000714300000, 0x0000000714300000, 0x0000000714400000|  0%| F|  |TAMS 0x0000000714300000, 0x0000000714300000| Untracked 
| 176|0x0000000714400000, 0x0000000714400000, 0x0000000714500000|  0%| F|  |TAMS 0x0000000714400000, 0x0000000714400000| Untracked 
| 177|0x0000000714500000, 0x0000000714500000, 0x0000000714600000|  0%| F|  |TAMS 0x0000000714500000, 0x0000000714500000| Untracked 
| 178|0x0000000714600000, 0x0000000714600000, 0x0000000714700000|  0%| F|  |TAMS 0x0000000714600000, 0x0000000714600000| Untracked 
| 179|0x0000000714700000, 0x0000000714700000, 0x0000000714800000|  0%| F|  |TAMS 0x0000000714700000, 0x0000000714700000| Untracked 
| 180|0x0000000714800000, 0x0000000714800000, 0x0000000714900000|  0%| F|  |TAMS 0x0000000714800000, 0x0000000714800000| Untracked 
| 181|0x0000000714900000, 0x0000000714900000, 0x0000000714a00000|  0%| F|  |TAMS 0x0000000714900000, 0x0000000714900000| Untracked 
| 182|0x0000000714a00000, 0x0000000714a00000, 0x0000000714b00000|  0%| F|  |TAMS 0x0000000714a00000, 0x0000000714a00000| Untracked 
| 183|0x0000000714b00000, 0x0000000714b00000, 0x0000000714c00000|  0%| F|  |TAMS 0x0000000714b00000, 0x0000000714b00000| Untracked 
| 184|0x0000000714c00000, 0x0000000714c00000, 0x0000000714d00000|  0%| F|  |TAMS 0x0000000714c00000, 0x0000000714c00000| Untracked 
| 185|0x0000000714d00000, 0x0000000714d00000, 0x0000000714e00000|  0%| F|  |TAMS 0x0000000714d00000, 0x0000000714d00000| Untracked 
| 186|0x0000000714e00000, 0x0000000714e00000, 0x0000000714f00000|  0%| F|  |TAMS 0x0000000714e00000, 0x0000000714e00000| Untracked 
| 187|0x0000000714f00000, 0x0000000715000000, 0x0000000715000000|100%| E|  |TAMS 0x0000000714f00000, 0x0000000714f00000| Complete 
| 188|0x0000000715000000, 0x0000000715100000, 0x0000000715100000|100%| E|CS|TAMS 0x0000000715000000, 0x0000000715000000| Complete 
| 189|0x0000000715100000, 0x0000000715200000, 0x0000000715200000|100%| E|CS|TAMS 0x0000000715100000, 0x0000000715100000| Complete 
| 190|0x0000000715200000, 0x0000000715300000, 0x0000000715300000|100%| E|CS|TAMS 0x0000000715200000, 0x0000000715200000| Complete 
| 191|0x0000000715300000, 0x0000000715400000, 0x0000000715400000|100%| E|CS|TAMS 0x0000000715300000, 0x0000000715300000| Complete 
| 192|0x0000000715400000, 0x0000000715500000, 0x0000000715500000|100%| E|CS|TAMS 0x0000000715400000, 0x0000000715400000| Complete 
| 193|0x0000000715500000, 0x0000000715600000, 0x0000000715600000|100%| E|CS|TAMS 0x0000000715500000, 0x0000000715500000| Complete 
| 194|0x0000000715600000, 0x0000000715700000, 0x0000000715700000|100%| E|CS|TAMS 0x0000000715600000, 0x0000000715600000| Complete 
| 195|0x0000000715700000, 0x0000000715800000, 0x0000000715800000|100%| E|CS|TAMS 0x0000000715700000, 0x0000000715700000| Complete 
| 196|0x0000000715800000, 0x0000000715900000, 0x0000000715900000|100%| E|CS|TAMS 0x0000000715800000, 0x0000000715800000| Complete 
| 197|0x0000000715900000, 0x0000000715a00000, 0x0000000715a00000|100%| E|CS|TAMS 0x0000000715900000, 0x0000000715900000| Complete 
| 198|0x0000000715a00000, 0x0000000715b00000, 0x0000000715b00000|100%| E|CS|TAMS 0x0000000715a00000, 0x0000000715a00000| Complete 
| 199|0x0000000715b00000, 0x0000000715c00000, 0x0000000715c00000|100%| E|CS|TAMS 0x0000000715b00000, 0x0000000715b00000| Complete 
| 200|0x0000000715c00000, 0x0000000715d00000, 0x0000000715d00000|100%| E|CS|TAMS 0x0000000715c00000, 0x0000000715c00000| Complete 
| 201|0x0000000715d00000, 0x0000000715e00000, 0x0000000715e00000|100%| E|CS|TAMS 0x0000000715d00000, 0x0000000715d00000| Complete 
| 202|0x0000000715e00000, 0x0000000715f00000, 0x0000000715f00000|100%| E|CS|TAMS 0x0000000715e00000, 0x0000000715e00000| Complete 
| 203|0x0000000715f00000, 0x0000000716000000, 0x0000000716000000|100%| E|CS|TAMS 0x0000000715f00000, 0x0000000715f00000| Complete 
| 204|0x0000000716000000, 0x0000000716100000, 0x0000000716100000|100%| E|CS|TAMS 0x0000000716000000, 0x0000000716000000| Complete 
| 205|0x0000000716100000, 0x0000000716200000, 0x0000000716200000|100%| E|CS|TAMS 0x0000000716100000, 0x0000000716100000| Complete 
| 206|0x0000000716200000, 0x0000000716300000, 0x0000000716300000|100%| E|CS|TAMS 0x0000000716200000, 0x0000000716200000| Complete 
| 207|0x0000000716300000, 0x0000000716400000, 0x0000000716400000|100%| E|CS|TAMS 0x0000000716300000, 0x0000000716300000| Complete 
| 208|0x0000000716400000, 0x0000000716500000, 0x0000000716500000|100%| E|CS|TAMS 0x0000000716400000, 0x0000000716400000| Complete 
| 209|0x0000000716500000, 0x0000000716600000, 0x0000000716600000|100%| E|CS|TAMS 0x0000000716500000, 0x0000000716500000| Complete 
| 210|0x0000000716600000, 0x0000000716700000, 0x0000000716700000|100%| E|CS|TAMS 0x0000000716600000, 0x0000000716600000| Complete 
| 211|0x0000000716700000, 0x0000000716800000, 0x0000000716800000|100%| E|CS|TAMS 0x0000000716700000, 0x0000000716700000| Complete 
| 212|0x0000000716800000, 0x0000000716900000, 0x0000000716900000|100%| E|CS|TAMS 0x0000000716800000, 0x0000000716800000| Complete 
| 213|0x0000000716900000, 0x0000000716a00000, 0x0000000716a00000|100%| E|CS|TAMS 0x0000000716900000, 0x0000000716900000| Complete 
| 214|0x0000000716a00000, 0x0000000716b00000, 0x0000000716b00000|100%| E|CS|TAMS 0x0000000716a00000, 0x0000000716a00000| Complete 
| 215|0x0000000716b00000, 0x0000000716c00000, 0x0000000716c00000|100%| E|CS|TAMS 0x0000000716b00000, 0x0000000716b00000| Complete 
| 216|0x0000000716c00000, 0x0000000716d00000, 0x0000000716d00000|100%| E|CS|TAMS 0x0000000716c00000, 0x0000000716c00000| Complete 
| 217|0x0000000716d00000, 0x0000000716e00000, 0x0000000716e00000|100%| E|CS|TAMS 0x0000000716d00000, 0x0000000716d00000| Complete 
| 218|0x0000000716e00000, 0x0000000716f00000, 0x0000000716f00000|100%| E|CS|TAMS 0x0000000716e00000, 0x0000000716e00000| Complete 
| 219|0x0000000716f00000, 0x0000000717000000, 0x0000000717000000|100%| E|CS|TAMS 0x0000000716f00000, 0x0000000716f00000| Complete 
| 220|0x0000000717000000, 0x0000000717100000, 0x0000000717100000|100%| E|CS|TAMS 0x0000000717000000, 0x0000000717000000| Complete 
| 221|0x0000000717100000, 0x0000000717200000, 0x0000000717200000|100%| E|CS|TAMS 0x0000000717100000, 0x0000000717100000| Complete 
| 222|0x0000000717200000, 0x0000000717300000, 0x0000000717300000|100%| E|CS|TAMS 0x0000000717200000, 0x0000000717200000| Complete 
| 223|0x0000000717300000, 0x0000000717400000, 0x0000000717400000|100%| E|CS|TAMS 0x0000000717300000, 0x0000000717300000| Complete 
| 224|0x0000000717400000, 0x0000000717500000, 0x0000000717500000|100%| E|CS|TAMS 0x0000000717400000, 0x0000000717400000| Complete 
| 225|0x0000000717500000, 0x0000000717600000, 0x0000000717600000|100%| E|CS|TAMS 0x0000000717500000, 0x0000000717500000| Complete 
| 226|0x0000000717600000, 0x0000000717700000, 0x0000000717700000|100%| E|CS|TAMS 0x0000000717600000, 0x0000000717600000| Complete 
| 227|0x0000000717700000, 0x0000000717800000, 0x0000000717800000|100%| E|CS|TAMS 0x0000000717700000, 0x0000000717700000| Complete 
| 228|0x0000000717800000, 0x0000000717900000, 0x0000000717900000|100%| E|CS|TAMS 0x0000000717800000, 0x0000000717800000| Complete 
| 229|0x0000000717900000, 0x0000000717a00000, 0x0000000717a00000|100%| E|CS|TAMS 0x0000000717900000, 0x0000000717900000| Complete 
| 230|0x0000000717a00000, 0x0000000717a455f8, 0x0000000717b00000| 27%| S|CS|TAMS 0x0000000717a00000, 0x0000000717a00000| Complete 
| 231|0x0000000717b00000, 0x0000000717c00000, 0x0000000717c00000|100%| S|CS|TAMS 0x0000000717b00000, 0x0000000717b00000| Complete 
| 232|0x0000000717c00000, 0x0000000717d00000, 0x0000000717d00000|100%| S|CS|TAMS 0x0000000717c00000, 0x0000000717c00000| Complete 
| 233|0x0000000717d00000, 0x0000000717e00000, 0x0000000717e00000|100%| E|CS|TAMS 0x0000000717d00000, 0x0000000717d00000| Complete 
| 234|0x0000000717e00000, 0x0000000717f00000, 0x0000000717f00000|100%| E|CS|TAMS 0x0000000717e00000, 0x0000000717e00000| Complete 
| 235|0x0000000717f00000, 0x0000000718000000, 0x0000000718000000|100%| E|CS|TAMS 0x0000000717f00000, 0x0000000717f00000| Complete 
| 236|0x0000000718000000, 0x0000000718100000, 0x0000000718100000|100%| E|CS|TAMS 0x0000000718000000, 0x0000000718000000| Complete 
| 237|0x0000000718100000, 0x0000000718200000, 0x0000000718200000|100%| E|CS|TAMS 0x0000000718100000, 0x0000000718100000| Complete 
| 238|0x0000000718200000, 0x0000000718300000, 0x0000000718300000|100%| E|CS|TAMS 0x0000000718200000, 0x0000000718200000| Complete 
| 239|0x0000000718300000, 0x0000000718400000, 0x0000000718400000|100%| E|CS|TAMS 0x0000000718300000, 0x0000000718300000| Complete 
| 240|0x0000000718400000, 0x0000000718500000, 0x0000000718500000|100%| E|CS|TAMS 0x0000000718400000, 0x0000000718400000| Complete 
| 241|0x0000000718500000, 0x0000000718600000, 0x0000000718600000|100%| E|CS|TAMS 0x0000000718500000, 0x0000000718500000| Complete 
| 242|0x0000000718600000, 0x0000000718700000, 0x0000000718700000|100%| E|CS|TAMS 0x0000000718600000, 0x0000000718600000| Complete 
| 243|0x0000000718700000, 0x0000000718800000, 0x0000000718800000|100%| E|CS|TAMS 0x0000000718700000, 0x0000000718700000| Complete 
| 244|0x0000000718800000, 0x0000000718900000, 0x0000000718900000|100%| E|CS|TAMS 0x0000000718800000, 0x0000000718800000| Complete 
| 245|0x0000000718900000, 0x0000000718a00000, 0x0000000718a00000|100%| E|CS|TAMS 0x0000000718900000, 0x0000000718900000| Complete 
| 246|0x0000000718a00000, 0x0000000718b00000, 0x0000000718b00000|100%| E|CS|TAMS 0x0000000718a00000, 0x0000000718a00000| Complete 
| 247|0x0000000718b00000, 0x0000000718c00000, 0x0000000718c00000|100%| E|CS|TAMS 0x0000000718b00000, 0x0000000718b00000| Complete 

Card table byte_map: [0x000001aea4d60000,0x000001aea5520000] _byte_map_base: 0x000001aea1516000

Marking Bits (Prev, Next): (CMBitMap*) 0x000001ae91aec008, (CMBitMap*) 0x000001ae91aec040
 Prev Bits: [0x000001aea5ce0000, 0x000001aea9a90000)
 Next Bits: [0x000001aea9a90000, 0x000001aead840000)

Polling page: 0x000001ae8f920000

Metaspace:

Usage:
  Non-class:     41.00 MB capacity,    40.66 MB (>99%) used,   274.57 KB ( <1%) free+waste,    69.25 KB ( <1%) overhead. 
      Class:      5.71 MB capacity,     5.50 MB ( 96%) used,   181.24 KB (  3%) free+waste,    30.81 KB ( <1%) overhead. 
       Both:     46.71 MB capacity,    46.17 MB ( 99%) used,   455.81 KB ( <1%) free+waste,   100.06 KB ( <1%) overhead. 

Virtual space:
  Non-class space:       42.00 MB reserved,      41.16 MB ( 98%) committed 
      Class space:        1.00 GB reserved,       5.75 MB ( <1%) committed 
             Both:        1.04 GB reserved,      46.90 MB (  4%) committed 

Chunk freelists:
   Non-Class:  30.00 KB
       Class:  7.00 KB
        Both:  37.00 KB

MaxMetaspaceSize: 17179869184.00 GB
CompressedClassSpaceSize: 1.00 GB
Initial GC threshold: 20.80 MB
Current GC threshold: 59.63 MB
CDS: off

CodeHeap 'non-profiled nmethods': size=120064Kb used=1245Kb max_used=1245Kb free=118819Kb
 bounds [0x000001ae9d060000, 0x000001ae9d2d0000, 0x000001aea45a0000]
CodeHeap 'profiled nmethods': size=120000Kb used=7065Kb max_used=7065Kb free=112934Kb
 bounds [0x000001ae95b30000, 0x000001ae96220000, 0x000001ae9d060000]
CodeHeap 'non-nmethods': size=5696Kb used=1276Kb max_used=1304Kb free=4419Kb
 bounds [0x000001ae955a0000, 0x000001ae95810000, 0x000001ae95b30000]
 total_blobs=3862 nmethods=3310 adapters=463
 compilation: enabled
              stopped_count=0, restarted_count=0
 full_count=0

Compilation events (20 events):
Event: 5.293 Thread 0x000001aeb0640000 nmethod 3295 0x000001ae961ee990 code [0x000001ae961eeba0, 0x000001ae961ef0e8]
Event: 5.293 Thread 0x000001aeb0640000 3282       2       org.jetbrains.kotlin.utils.CollectionsKt::compact (66 bytes)
Event: 5.294 Thread 0x000001aeb0640000 nmethod 3282 0x000001ae961ef310 code [0x000001ae961ef5a0, 0x000001ae961efc58]
Event: 5.294 Thread 0x000001aeb0640000 3286       2       org.jetbrains.kotlin.com.intellij.util.containers.HashSetInterner::intern (25 bytes)
Event: 5.294 Thread 0x000001aeb0640000 nmethod 3286 0x000001ae961f0090 code [0x000001ae961f0260, 0x000001ae961f03e8]
Event: 5.294 Thread 0x000001aeb0640000 3300       1       org.jetbrains.kotlin.cli.jvm.index.JvmDependenciesIndexImpl$FindClassRequest::getAcceptedRootTypes (5 bytes)
Event: 5.294 Thread 0x000001aeb0640000 nmethod 3300 0x000001ae9d195610 code [0x000001ae9d1957c0, 0x000001ae9d195878]
Event: 5.294 Thread 0x000001aeb0640000 3299       1       org.jetbrains.kotlin.com.intellij.util.containers.IntArrayList::size (5 bytes)
Event: 5.294 Thread 0x000001aeb0640000 nmethod 3299 0x000001ae9d195910 code [0x000001ae9d195ac0, 0x000001ae9d195b78]
Event: 5.294 Thread 0x000001aeb0640000 3256       2       org.jetbrains.org.objectweb.asm.ClassReader::readStringish (16 bytes)
Event: 5.295 Thread 0x000001aeb0640000 nmethod 3256 0x000001ae961f0510 code [0x000001ae961f06e0, 0x000001ae961f0908]
Event: 5.295 Thread 0x000001aeb0640000 3301       2       java.util.RegularEnumSet::contains (57 bytes)
Event: 5.295 Thread 0x000001aeb0640000 nmethod 3301 0x000001ae961f0b10 code [0x000001ae961f0ce0, 0x000001ae961f0f08]
Event: 5.295 Thread 0x000001aeb0640000 3302       2       org.jetbrains.kotlin.cli.jvm.index.JvmDependenciesIndexImpl::findChildPackage (181 bytes)
Event: 5.297 Thread 0x000001aeb0640000 nmethod 3302 0x000001ae961f1010 code [0x000001ae961f12c0, 0x000001ae961f1a18]
Event: 5.297 Thread 0x000001aeb0640000 3304       2       kotlin.collections.CollectionsKt__CollectionsKt::getLastIndex (15 bytes)
Event: 5.297 Thread 0x000001aeb0640000 nmethod 3304 0x000001ae961f1e90 code [0x000001ae961f2080, 0x000001ae961f2328]
Event: 5.297 Thread 0x000001aeb0640000 3303       2       org.jetbrains.kotlin.load.java.lazy.LazyJavaResolverContext::getStorageManager (8 bytes)
Event: 5.297 Thread 0x000001aeb0640000 nmethod 3303 0x000001ae961f2510 code [0x000001ae961f26c0, 0x000001ae961f27d8]
Event: 5.299 Thread 0x000001aeb0640000 3305 %     3       java.util.zip.ZipFile$Source::initCEN @ 228 (697 bytes)

GC Heap History (8 events):
Event: 0.634 GC heap before
{Heap before GC invocations=0 (full 0):
 garbage-first heap   total 253952K, used 17408K [0x0000000709400000, 0x0000000800000000)
  region size 1024K, 14 young (14336K), 0 survivors (0K)
 Metaspace       used 9864K, capacity 10002K, committed 10112K, reserved 1058816K
  class space    used 839K, capacity 885K, committed 896K, reserved 1048576K
}
Event: 0.638 GC heap after
{Heap after GC invocations=1 (full 0):
 garbage-first heap   total 253952K, used 5239K [0x0000000709400000, 0x0000000800000000)
  region size 1024K, 2 young (2048K), 2 survivors (2048K)
 Metaspace       used 9864K, capacity 10002K, committed 10112K, reserved 1058816K
  class space    used 839K, capacity 885K, committed 896K, reserved 1048576K
}
Event: 1.931 GC heap before
{Heap before GC invocations=1 (full 0):
 garbage-first heap   total 253952K, used 52343K [0x0000000709400000, 0x0000000800000000)
  region size 1024K, 49 young (50176K), 2 survivors (2048K)
 Metaspace       used 21007K, capacity 21202K, committed 21296K, reserved 1069056K
  class space    used 2236K, capacity 2309K, committed 2352K, reserved 1048576K
}
Event: 1.949 GC heap after
{Heap after GC invocations=2 (full 0):
 garbage-first heap   total 253952K, used 9774K [0x0000000709400000, 0x0000000800000000)
  region size 1024K, 7 young (7168K), 7 survivors (7168K)
 Metaspace       used 21007K, capacity 21202K, committed 21296K, reserved 1069056K
  class space    used 2236K, capacity 2309K, committed 2352K, reserved 1048576K
}
Event: 3.220 GC heap before
{Heap before GC invocations=3 (full 0):
 garbage-first heap   total 253952K, used 64046K [0x0000000709400000, 0x0000000800000000)
  region size 1024K, 55 young (56320K), 7 survivors (7168K)
 Metaspace       used 32456K, capacity 32936K, committed 33020K, reserved 1077248K
  class space    used 4082K, capacity 4275K, committed 4348K, reserved 1048576K
}
Event: 3.244 GC heap after
{Heap after GC invocations=4 (full 0):
 garbage-first heap   total 253952K, used 21367K [0x0000000709400000, 0x0000000800000000)
  region size 1024K, 7 young (7168K), 7 survivors (7168K)
 Metaspace       used 32456K, capacity 32936K, committed 33020K, reserved 1077248K
  class space    used 4082K, capacity 4275K, committed 4348K, reserved 1048576K
}
Event: 3.639 GC heap before
{Heap before GC invocations=4 (full 0):
 garbage-first heap   total 253952K, used 35703K [0x0000000709400000, 0x0000000800000000)
  region size 1024K, 22 young (22528K), 7 survivors (7168K)
 Metaspace       used 35414K, capacity 35827K, committed 35964K, reserved 1081344K
  class space    used 4402K, capacity 4599K, committed 4732K, reserved 1048576K
}
Event: 3.652 GC heap after
{Heap after GC invocations=5 (full 0):
 garbage-first heap   total 253952K, used 21330K [0x0000000709400000, 0x0000000800000000)
  region size 1024K, 3 young (3072K), 3 survivors (3072K)
 Metaspace       used 35414K, capacity 35827K, committed 35964K, reserved 1081344K
  class space    used 4402K, capacity 4599K, committed 4732K, reserved 1048576K
}

Deoptimization events (20 events):
Event: 5.122 Thread 0x000001ae91a8f800 DEOPT PACKING pc=0x000001ae9d14e624 sp=0x00000054571fb1d0
Event: 5.123 Thread 0x000001ae91a8f800 DEOPT UNPACKING pc=0x000001ae955ea1af sp=0x00000054571fb0b8 mode 2
Event: 5.130 Thread 0x000001ae91a8f800 Uncommon trap: trap_request=0xffffffc6 fr.pc=0x000001ae9d12779c relative=0x000000000000147c
Event: 5.130 Thread 0x000001ae91a8f800 Uncommon trap: reason=bimorphic_or_optimized_type_check action=maybe_recompile pc=0x000001ae9d12779c method=java.util.zip.ZipFile.getZipEntry(Ljava/lang/String;[BILjava/util/function/Function;)Ljava/util/zip/ZipEntry; @ 108 c2
Event: 5.130 Thread 0x000001ae91a8f800 DEOPT PACKING pc=0x000001ae9d12779c sp=0x00000054571fb2c0
Event: 5.130 Thread 0x000001ae91a8f800 DEOPT UNPACKING pc=0x000001ae955ea1af sp=0x00000054571fb278 mode 2
Event: 5.150 Thread 0x000001ae91a8f800 DEOPT PACKING pc=0x000001ae960ce57f sp=0x00000054571fb3e0
Event: 5.150 Thread 0x000001ae91a8f800 DEOPT UNPACKING pc=0x000001ae955ea95e sp=0x00000054571fa830 mode 0
Event: 5.166 Thread 0x000001ae91a8f800 Uncommon trap: trap_request=0xffffffc6 fr.pc=0x000001ae9d14e624 relative=0x0000000000000624
Event: 5.166 Thread 0x000001ae91a8f800 Uncommon trap: reason=bimorphic_or_optimized_type_check action=maybe_recompile pc=0x000001ae9d14e624 method=org.jetbrains.kotlin.protobuf.CodedInputStream.tryRefillBuffer(I)Z @ 177 c2
Event: 5.166 Thread 0x000001ae91a8f800 DEOPT PACKING pc=0x000001ae9d14e624 sp=0x00000054571fb700
Event: 5.166 Thread 0x000001ae91a8f800 DEOPT UNPACKING pc=0x000001ae955ea1af sp=0x00000054571fb5e8 mode 2
Event: 5.169 Thread 0x000001ae91a8f800 Uncommon trap: trap_request=0xffffffc6 fr.pc=0x000001ae9d14e624 relative=0x0000000000000624
Event: 5.169 Thread 0x000001ae91a8f800 Uncommon trap: reason=bimorphic_or_optimized_type_check action=maybe_recompile pc=0x000001ae9d14e624 method=org.jetbrains.kotlin.protobuf.CodedInputStream.tryRefillBuffer(I)Z @ 177 c2
Event: 5.169 Thread 0x000001ae91a8f800 DEOPT PACKING pc=0x000001ae9d14e624 sp=0x00000054571fb700
Event: 5.169 Thread 0x000001ae91a8f800 DEOPT UNPACKING pc=0x000001ae955ea1af sp=0x00000054571fb5e8 mode 2
Event: 5.169 Thread 0x000001ae91a8f800 Uncommon trap: trap_request=0xffffffc6 fr.pc=0x000001ae9d14d780 relative=0x00000000000002a0
Event: 5.169 Thread 0x000001ae91a8f800 Uncommon trap: reason=bimorphic_or_optimized_type_check action=maybe_recompile pc=0x000001ae9d14d780 method=org.jetbrains.kotlin.protobuf.CodedInputStream.tryRefillBuffer(I)Z @ 177 c2
Event: 5.169 Thread 0x000001ae91a8f800 DEOPT PACKING pc=0x000001ae9d14d780 sp=0x00000054571fb7b0
Event: 5.169 Thread 0x000001ae91a8f800 DEOPT UNPACKING pc=0x000001ae955ea1af sp=0x00000054571fb6e8 mode 2

Classes redefined (0 events):
No events

Internal exceptions (20 events):
Event: 1.887 Thread 0x000001ae91a8f800 Exception <a 'java/lang/NoSuchMethodError'{0x0000000715deef30}: 'java.lang.Object java.lang.invoke.DirectMethodHandle$Holder.invokeStaticInit(java.lang.Object, int)'> (0x0000000715deef30) thrown at [./src/hotspot/share/interpreter/linkResolver.cpp, line 773]
Event: 1.925 Thread 0x000001ae91a8f800 Exception <a 'java/lang/NoSuchMethodError'{0x0000000715bc4eb0}: 'long java.lang.invoke.DirectMethodHandle$Holder.invokeStatic(java.lang.Object)'> (0x0000000715bc4eb0) thrown at [./src/hotspot/share/interpreter/linkResolver.cpp, line 773]
Event: 1.925 Thread 0x000001ae91a8f800 Exception <a 'java/lang/NoSuchMethodError'{0x0000000715bc7d08}: 'long java.lang.invoke.DirectMethodHandle$Holder.invokeStaticInit(java.lang.Object)'> (0x0000000715bc7d08) thrown at [./src/hotspot/share/interpreter/linkResolver.cpp, line 773]
Event: 2.023 Thread 0x000001ae91a8f800 Exception <a 'java/lang/NoSuchMethodError'{0x00000007188eaef8}: 'int java.lang.invoke.DirectMethodHandle$Holder.invokeStaticInit(java.lang.Object, java.lang.Object, java.lang.Object)'> (0x00000007188eaef8) thrown at [./src/hotspot/share/interpreter/linkResolver.cpp, line 773]
Event: 2.029 Thread 0x000001ae91a8f800 Exception <a 'java/lang/NoSuchMethodError'{0x0000000718716b68}: 'int java.lang.invoke.DirectMethodHandle$Holder.invokeStaticInit(java.lang.Object, java.lang.Object)'> (0x0000000718716b68) thrown at [./src/hotspot/share/interpreter/linkResolver.cpp, line 773]
Event: 2.092 Thread 0x000001ae91a8f800 Exception <a 'java/lang/NoSuchMethodError'{0x0000000718527ba8}: 'void java.lang.invoke.DirectMethodHandle$Holder.invokeSpecial(java.lang.Object, java.lang.Object)'> (0x0000000718527ba8) thrown at [./src/hotspot/share/interpreter/linkResolver.cpp, line 773]
Event: 2.374 Thread 0x000001ae91a8f800 Exception <a 'java/lang/NoSuchMethodError'{0x0000000717dc3b28}: 'java.lang.Object java.lang.invoke.DirectMethodHandle$Holder.invokeStatic(java.lang.Object, java.lang.Object, java.lang.Object, java.lang.Object, java.lang.Object, java.lang.Object, java.lang.Object, java.lang.Object, java.lang.Object, java.lang.Object, java.lang.Object, java.lang.Object, java.lang.Object, java.lang.Object, java.lang.Object)'> (0x0000000717dc3b28) thrown at [./src/hotspot/share/interpreter/linkResolver.cpp, line 773]
Event: 2.376 Thread 0x000001ae91a8f800 Exception <a 'java/lang/NoSuchMethodError'{0x0000000717dd1b30}: 'java.lang.Object java.lang.invoke.DirectMethodHandle$Holder.invokeStatic(java.lang.Object, java.lang.Object, java.lang.Object, java.lang.Object, java.lang.Object, java.lang.Object, java.lang.Object, java.lang.Object, java.lang.Object, java.lang.Object, java.lang.Object, java.lang.Object, java.lang.Object, java.lang.Object, java.lang.Object, java.lang.Object)'> (0x0000000717dd1b30) thrown at [./src/hotspot/share/interpreter/linkResolver.cpp, l
Event: 2.378 Thread 0x000001ae91a8f800 Exception <a 'java/lang/NoSuchMethodError'{0x0000000717ddfa48}: 'java.lang.Object java.lang.invoke.DirectMethodHandle$Holder.invokeSpecial(java.lang.Object, java.lang.Object, int, int, java.lang.Object, java.lang.Object, java.lang.Object)'> (0x0000000717ddfa48) thrown at [./src/hotspot/share/interpreter/linkResolver.cpp, line 773]
Event: 2.378 Thread 0x000001ae91a8f800 Exception <a 'java/lang/NoSuchMethodError'{0x0000000717de3280}: 'java.lang.Object java.lang.invoke.DelegatingMethodHandle$Holder.reinvoke_L(java.lang.Object, int, int, java.lang.Object, java.lang.Object, java.lang.Object)'> (0x0000000717de3280) thrown at [./src/hotspot/share/interpreter/linkResolver.cpp, line 773]
Event: 2.379 Thread 0x000001ae91a8f800 Exception <a 'java/lang/NoSuchMethodError'{0x0000000717de7608}: 'java.lang.Object java.lang.invoke.DirectMethodHandle$Holder.invokeStatic(java.lang.Object, java.lang.Object, java.lang.Object, java.lang.Object, int)'> (0x0000000717de7608) thrown at [./src/hotspot/share/interpreter/linkResolver.cpp, line 773]
Event: 2.437 Thread 0x000001ae91a8f800 Exception <a 'java/lang/NoSuchMethodError'{0x0000000717b0dbf0}: 'void java.lang.invoke.DirectMethodHandle$Holder.invokeStatic(java.lang.Object, java.lang.Object, java.lang.Object, java.lang.Object)'> (0x0000000717b0dbf0) thrown at [./src/hotspot/share/interpreter/linkResolver.cpp, line 773]
Event: 2.535 Thread 0x000001ae91a8f800 Exception <a 'java/lang/NoSuchMethodError'{0x00000007178ec4a8}: 'void java.lang.invoke.DirectMethodHandle$Holder.invokeStaticInit(java.lang.Object, java.lang.Object)'> (0x00000007178ec4a8) thrown at [./src/hotspot/share/interpreter/linkResolver.cpp, line 773]
Event: 2.643 Thread 0x000001ae91a8f800 Exception <a 'java/lang/NoSuchMethodError'{0x0000000717314728}: 'void java.lang.invoke.DirectMethodHandle$Holder.invokeVirtual(java.lang.Object, java.lang.Object)'> (0x0000000717314728) thrown at [./src/hotspot/share/interpreter/linkResolver.cpp, line 773]
Event: 2.660 Thread 0x000001ae91a8f800 Exception <a 'java/lang/NoSuchMethodError'{0x000000071739de90}: 'int java.lang.invoke.DirectMethodHandle$Holder.invokeVirtual(java.lang.Object, java.lang.Object)'> (0x000000071739de90) thrown at [./src/hotspot/share/interpreter/linkResolver.cpp, line 773]
Event: 3.577 Thread 0x000001ae91a8f800 Exception <a 'java/lang/NoSuchMethodError'{0x0000000717f29db0}: 'java.lang.Object java.lang.invoke.DirectMethodHandle$Holder.invokeVirtual(java.lang.Object, java.lang.Object, java.lang.Object)'> (0x0000000717f29db0) thrown at [./src/hotspot/share/interpreter/linkResolver.cpp, line 773]
Event: 4.728 Thread 0x000001ae91a8f800 Exception <a 'java/lang/NoSuchMethodError'{0x0000000716250f18}: 'java.lang.Object java.lang.invoke.Invokers$Holder.linkToTargetMethod(java.lang.Object, int, java.lang.Object)'> (0x0000000716250f18) thrown at [./src/hotspot/share/interpreter/linkResolver.cpp, line 773]
Event: 4.787 Thread 0x000001ae91a8f800 Exception <a 'java/lang/NoSuchMethodError'{0x00000007161d5d40}: 'java.lang.Object java.lang.invoke.DirectMethodHandle$Holder.invokeStatic(java.lang.Object, java.lang.Object, java.lang.Object, int)'> (0x00000007161d5d40) thrown at [./src/hotspot/share/interpreter/linkResolver.cpp, line 773]
Event: 4.788 Thread 0x000001ae91a8f800 Exception <a 'java/lang/NoSuchMethodError'{0x00000007161d99b0}: 'java.lang.Object java.lang.invoke.DirectMethodHandle$Holder.invokeSpecial(java.lang.Object, java.lang.Object, java.lang.Object, java.lang.Object, int)'> (0x00000007161d99b0) thrown at [./src/hotspot/share/interpreter/linkResolver.cpp, line 773]
Event: 4.788 Thread 0x000001ae91a8f800 Exception <a 'java/lang/NoSuchMethodError'{0x00000007161dccc0}: 'java.lang.Object java.lang.invoke.Invokers$Holder.linkToTargetMethod(java.lang.Object, java.lang.Object, int, java.lang.Object)'> (0x00000007161dccc0) thrown at [./src/hotspot/share/interpreter/linkResolver.cpp, line 773]

Events (20 events):
Event: 5.252 loading class org/jetbrains/kotlin/load/java/typeEnhancement/TypeComponentPositionKt
Event: 5.252 loading class org/jetbrains/kotlin/load/java/typeEnhancement/TypeComponentPositionKt done
Event: 5.252 loading class org/jetbrains/kotlin/load/java/typeEnhancement/JavaTypeEnhancement$SimpleResult
Event: 5.252 loading class org/jetbrains/kotlin/load/java/typeEnhancement/JavaTypeEnhancement$SimpleResult done
Event: 5.252 loading class org/jetbrains/kotlin/load/java/typeEnhancement/JavaTypeEnhancement$Result
Event: 5.252 loading class org/jetbrains/kotlin/load/java/typeEnhancement/JavaTypeEnhancement$Result done
Event: 5.252 loading class org/jetbrains/kotlin/descriptors/NotFoundClasses$MockClassDescriptor
Event: 5.252 loading class org/jetbrains/kotlin/descriptors/NotFoundClasses$MockClassDescriptor done
Event: 5.266 loading class org/jetbrains/kotlin/load/java/structure/impl/classFiles/PlainJavaAnnotationAsAnnotationArgument
Event: 5.266 loading class org/jetbrains/kotlin/load/java/structure/impl/classFiles/PlainJavaAnnotationAsAnnotationArgument done
Event: 5.266 loading class org/jetbrains/kotlin/load/java/structure/JavaAnnotationAsAnnotationArgument
Event: 5.266 loading class org/jetbrains/kotlin/load/java/structure/JavaAnnotationAsAnnotationArgument done
Event: 5.284 loading class gnu/trove/THashMap$KeyView
Event: 5.284 loading class gnu/trove/THashMap$KeyView done
Event: 5.284 loading class gnu/trove/THashMap$MapBackedView
Event: 5.284 loading class gnu/trove/THashMap$MapBackedView done
Event: 5.297 loading class org/jetbrains/kotlin/load/kotlin/KotlinJvmBinarySourceElement
Event: 5.297 loading class org/jetbrains/kotlin/load/kotlin/KotlinJvmBinarySourceElement done
Event: 5.305 loading class org/jetbrains/kotlin/metadata/deserialization/ProtoTypeTableUtilKt
Event: 5.305 loading class org/jetbrains/kotlin/metadata/deserialization/ProtoTypeTableUtilKt done


Dynamic libraries:
0x00007ff7efad0000 - 0x00007ff7efada000 	C:\Program Files\Android\Android Studio\jre\bin\java.exe
0x00007ffc17b10000 - 0x00007ffc17d08000 	C:\WINDOWS\SYSTEM32\ntdll.dll
0x00007ffc163a0000 - 0x00007ffc1645f000 	C:\WINDOWS\System32\KERNEL32.DLL
0x00007ffc156b0000 - 0x00007ffc15982000 	C:\WINDOWS\System32\KERNELBASE.dll
0x00007ffc154e0000 - 0x00007ffc155e0000 	C:\WINDOWS\System32\ucrtbase.dll
0x00007ffbf44d0000 - 0x00007ffbf44e7000 	C:\Program Files\Android\Android Studio\jre\bin\VCRUNTIME140.dll
0x00007ffbfb1e0000 - 0x00007ffbfb1f9000 	C:\Program Files\Android\Android Studio\jre\bin\jli.dll
0x00007ffc172f0000 - 0x00007ffc17491000 	C:\WINDOWS\System32\USER32.dll
0x00007ffbf17d0000 - 0x00007ffbf1a6a000 	C:\WINDOWS\WinSxS\amd64_microsoft.windows.common-controls_6595b64144ccf1df_6.0.19041.1110_none_60b5254171f9507e\COMCTL32.dll
0x00007ffc15460000 - 0x00007ffc15482000 	C:\WINDOWS\System32\win32u.dll
0x00007ffc161d0000 - 0x00007ffc1626e000 	C:\WINDOWS\System32\msvcrt.dll
0x00007ffc15c40000 - 0x00007ffc15c6b000 	C:\WINDOWS\System32\GDI32.dll
0x00007ffc15a40000 - 0x00007ffc15b4f000 	C:\WINDOWS\System32\gdi32full.dll
0x00007ffc15610000 - 0x00007ffc156ad000 	C:\WINDOWS\System32\msvcp_win.dll
0x00007ffc15b50000 - 0x00007ffc15b82000 	C:\WINDOWS\System32\IMM32.DLL
0x00007ffbef9c0000 - 0x00007ffbefa5d000 	C:\Program Files\Android\Android Studio\jre\bin\msvcp140.dll
0x00007ffbd4c60000 - 0x00007ffbd5745000 	C:\Program Files\Android\Android Studio\jre\bin\server\jvm.dll
0x00007ffc15c80000 - 0x00007ffc15d2e000 	C:\WINDOWS\System32\ADVAPI32.dll
0x00007ffc16d80000 - 0x00007ffc16e1c000 	C:\WINDOWS\System32\sechost.dll
0x00007ffc16270000 - 0x00007ffc16395000 	C:\WINDOWS\System32\RPCRT4.dll
0x00007ffc15c70000 - 0x00007ffc15c78000 	C:\WINDOWS\System32\PSAPI.DLL
0x00007ffc11030000 - 0x00007ffc11039000 	C:\WINDOWS\SYSTEM32\WSOCK32.dll
0x00007ffbf1be0000 - 0x00007ffbf1c07000 	C:\WINDOWS\SYSTEM32\WINMM.dll
0x00007ffc10a10000 - 0x00007ffc10a1a000 	C:\WINDOWS\SYSTEM32\VERSION.dll
0x00007ffc16160000 - 0x00007ffc161cb000 	C:\WINDOWS\System32\WS2_32.dll
0x00007ffc13080000 - 0x00007ffc13092000 	C:\WINDOWS\SYSTEM32\kernel.appcore.dll
0x00007ffc10ed0000 - 0x00007ffc10ee1000 	C:\Program Files\Android\Android Studio\jre\bin\verify.dll
0x00007ffc0f470000 - 0x00007ffc0f654000 	C:\WINDOWS\SYSTEM32\DBGHELP.DLL
0x00007ffc0f430000 - 0x00007ffc0f465000 	C:\WINDOWS\SYSTEM32\dbgcore.DLL
0x00007ffc153d0000 - 0x00007ffc15452000 	C:\WINDOWS\System32\bcryptPrimitives.dll
0x00007ffc0c860000 - 0x00007ffc0c889000 	C:\Program Files\Android\Android Studio\jre\bin\java.dll
0x00007ffc106a0000 - 0x00007ffc106ab000 	C:\Program Files\Android\Android Studio\jre\bin\jimage.dll
0x00007ffc0d4d0000 - 0x00007ffc0d4e8000 	C:\Program Files\Android\Android Studio\jre\bin\zip.dll
0x00007ffc16460000 - 0x00007ffc16ba5000 	C:\WINDOWS\System32\SHELL32.dll
0x00007ffc13280000 - 0x00007ffc13a12000 	C:\WINDOWS\SYSTEM32\windows.storage.dll
0x00007ffc15d30000 - 0x00007ffc16085000 	C:\WINDOWS\System32\combase.dll
0x00007ffc14b10000 - 0x00007ffc14b40000 	C:\WINDOWS\SYSTEM32\Wldp.dll
0x00007ffc15b90000 - 0x00007ffc15c3d000 	C:\WINDOWS\System32\SHCORE.dll
0x00007ffc17290000 - 0x00007ffc172e5000 	C:\WINDOWS\System32\shlwapi.dll
0x00007ffc15140000 - 0x00007ffc1515f000 	C:\WINDOWS\SYSTEM32\profapi.dll
0x00007ffc0bfc0000 - 0x00007ffc0bfda000 	C:\Program Files\Android\Android Studio\jre\bin\net.dll
0x00007ffc10060000 - 0x00007ffc1016c000 	C:\WINDOWS\SYSTEM32\WINHTTP.dll
0x00007ffc148f0000 - 0x00007ffc1495a000 	C:\WINDOWS\system32\mswsock.dll
0x00007ffc0bfa0000 - 0x00007ffc0bfb4000 	C:\Program Files\Android\Android Studio\jre\bin\nio.dll

dbghelp: loaded successfully - version: 4.0.5 - missing functions: none
symbol engine: initialized successfully - sym options: 0x614 - pdb path: .;C:\Program Files\Android\Android Studio\jre\bin;C:\WINDOWS\SYSTEM32;C:\WINDOWS\WinSxS\amd64_microsoft.windows.common-controls_6595b64144ccf1df_6.0.19041.1110_none_60b5254171f9507e;C:\Program Files\Android\Android Studio\jre\bin\server

VM Arguments:
java_command: org.jetbrains.kotlin.cli.jvm.K2JVMCompiler @C:\Users\admin\AndroidStudioProjects\Myfamily\app\build\20230317_7349896061415118161.compiler.options
java_class_path (initial): C:\Users\admin\.gradle\caches\modules-2\files-2.1\org.jetbrains.kotlin\kotlin-compiler-embeddable\1.7.10\909803167c98606fcf22b4c848647c68e351d48d\kotlin-compiler-embeddable-1.7.10.jar;C:\Users\admin\.gradle\caches\modules-2\files-2.1\org.jetbrains.kotlin\kotlin-reflect\1.7.10\165e600dfea6185cf5efa700756294cc4904dbeb\kotlin-reflect-1.7.10.jar;C:\Users\admin\.gradle\caches\modules-2\files-2.1\org.jetbrains.kotlin\kotlin-stdlib\1.7.10\d2abf9e77736acc4450dc4a3f707fa2c10f5099d\kotlin-stdlib-1.7.10.jar;C:\Users\admin\.gradle\caches\modules-2\files-2.1\org.jetbrains.kotlin\kotlin-script-runtime\1.7.10\c99c87a6988d8fd8d5142e9ed5c9f34a7cf561ee\kotlin-script-runtime-1.7.10.jar;C:\Users\admin\.gradle\caches\modules-2\files-2.1\org.jetbrains.kotlin\kotlin-daemon-embeddable\1.7.10\3a9f7aef7080d3ae63126cbba4f827ed664f32fa\kotlin-daemon-embeddable-1.7.10.jar;C:\Users\admin\.gradle\caches\modules-2\files-2.1\org.jetbrains.intellij.deps\trove4j\1.0.20200330\3afb14d5f9ceb459d724e907a21145e8ff394f02\trove4j-1.0.20200330.jar;C:\Users\admin\.gradle\caches\modules-2\files-2.1\net.java.dev.jna\jna\5.6.0\330f2244e9030119ab3030fc3fededc86713d9cc\jna-5.6.0.jar;C:\Users\admin\.gradle\caches\modules-2\files-2.1\org.jetbrains.kotlin\kotlin-stdlib-common\1.7.10\bac80c520d0a9e3f3673bc2658c6ed02ef45a76a\kotlin-stdlib-common-1.7.10.jar;C:\Users\admin\.gradle\caches\modules-2\files-2.1\org.jetbrains\annotations\13.0\919f0dfe192fb4e063e7dacadee7f8bb9a2672a9\annotations-13.0.jar
Launcher Type: SUN_STANDARD

[Global flags]
     intx CICompilerCount                          = 3                                         {product} {ergonomic}
     uint ConcGCThreads                            = 1                                         {product} {ergonomic}
     uint G1ConcRefinementThreads                  = 4                                         {product} {ergonomic}
   size_t G1HeapRegionSize                         = 1048576                                   {product} {ergonomic}
    uintx GCDrainStackTargetSize                   = 64                                        {product} {ergonomic}
   size_t InitialHeapSize                          = 260046848                                 {product} {ergonomic}
   size_t MarkStackSize                            = 4194304                                   {product} {ergonomic}
   size_t MaxHeapSize                              = 4139778048                                {product} {ergonomic}
   size_t MaxNewSize                               = 2483027968                                {product} {ergonomic}
   size_t MinHeapDeltaBytes                        = 1048576                                   {product} {ergonomic}
    uintx NonNMethodCodeHeapSize                   = 5830732                                {pd product} {ergonomic}
    uintx NonProfiledCodeHeapSize                  = 122913754                              {pd product} {ergonomic}
    uintx ProfiledCodeHeapSize                     = 122913754                              {pd product} {ergonomic}
    uintx ReservedCodeCacheSize                    = 251658240                              {pd product} {ergonomic}
     bool SegmentedCodeCache                       = true                                      {product} {ergonomic}
     bool UseCompressedClassPointers               = true                                 {lp64_product} {ergonomic}
     bool UseCompressedOops                        = true                                 {lp64_product} {ergonomic}
     bool UseG1GC                                  = true                                      {product} {ergonomic}
     bool UseLargePagesIndividualAllocation        = false                                  {pd product} {ergonomic}

Logging:
Log output configuration:
 #0: stdout all=warning uptime,level,tags
 #1: stderr all=off uptime,level,tags

Environment Variables:
PATH=C:\Program Files\Eclipse Adoptium\jdk-17.0.2.8-hotspot\bin;C:\Program Files (x86)\Common Files\Oracle\Java\javapath;C:\WINDOWS\system32;C:\WINDOWS;C:\WINDOWS\System32\Wbem;C:\WINDOWS\System32\WindowsPowerShell\v1.0\;C:\WINDOWS\System32\OpenSSH\;C:\Users\admin\AppData\Local\Microsoft\WindowsApps;;C:\Users\admin\AppData\Local\Programs\Microsoft VS Code\bin
USERNAME=admin
OS=Windows_NT
PROCESSOR_IDENTIFIER=Intel64 Family 6 Model 78 Stepping 3, GenuineIntel



---------------  S Y S T E M  ---------------

OS: Windows 10 , 64 bit Build 19041 (10.0.19041.2546)
OS uptime: 0 days 4:56 hours
Hyper-V role detected

CPU:total 4 (initial active 4) (2 cores per cpu, 2 threads per core) family 6 model 78 stepping 3 microcode 0xcc, cmov, cx8, fxsr, mmx, sse, sse2, sse3, ssse3, sse4.1, sse4.2, popcnt, avx, avx2, aes, clmul, erms, rtm, 3dnowpref, lzcnt, ht, tsc, tscinvbit, bmi1, bmi2, adx, fma

Memory: 4k page, system-wide physical 15784M (6099M free)
TotalPageFile size 46150M (AvailPageFile size 7M)
current process WorkingSet (physical memory assigned to process): 242M, peak: 246M
current process commit charge ("private bytes"): 440M, peak: 443M

vm_info: OpenJDK 64-Bit Server VM (11.0.12+7-b1504.28-7817840) for windows-amd64 JRE (11.0.12+7-b1504.28-7817840), built on Oct 13 2021 22:12:33 by "builder" with MS VC++ 14.0 (VS2015)

END.
